0 info it worked if it ends with ok
1 verbose cli [ 'node',
1 verbose cli   '/usr/local/bin/npm',
1 verbose cli   'install',
1 verbose cli   '-g',
1 verbose cli   'cocordova',
1 verbose cli   'ionic' ]
2 info using npm@1.4.28
3 info using node@v0.10.33
4 verbose cache add [ 'cocordova', null ]
5 verbose cache add name=undefined spec="cocordova" args=["cocordova",null]
6 verbose parsed url { protocol: null,
6 verbose parsed url   slashes: null,
6 verbose parsed url   auth: null,
6 verbose parsed url   host: null,
6 verbose parsed url   port: null,
6 verbose parsed url   hostname: null,
6 verbose parsed url   hash: null,
6 verbose parsed url   search: null,
6 verbose parsed url   query: null,
6 verbose parsed url   pathname: 'cocordova',
6 verbose parsed url   path: 'cocordova',
6 verbose parsed url   href: 'cocordova' }
7 verbose cache add [ 'ionic', null ]
8 verbose cache add name=undefined spec="ionic" args=["ionic",null]
9 verbose parsed url { protocol: null,
9 verbose parsed url   slashes: null,
9 verbose parsed url   auth: null,
9 verbose parsed url   host: null,
9 verbose parsed url   port: null,
9 verbose parsed url   hostname: null,
9 verbose parsed url   hash: null,
9 verbose parsed url   search: null,
9 verbose parsed url   query: null,
9 verbose parsed url   pathname: 'ionic',
9 verbose parsed url   path: 'ionic',
9 verbose parsed url   href: 'ionic' }
10 silly lockFile ea3b011b-cocordova cocordova
11 verbose lock cocordova /Users/geniehyatt/.npm/ea3b011b-cocordova.lock
12 silly lockFile 00d10074-ionic ionic
13 verbose lock ionic /Users/geniehyatt/.npm/00d10074-ionic.lock
14 silly lockFile ea3b011b-cocordova cocordova
15 silly lockFile ea3b011b-cocordova cocordova
16 silly lockFile 00d10074-ionic ionic
17 silly lockFile 00d10074-ionic ionic
18 verbose addNamed [ 'cocordova', '' ]
19 verbose addNamed [ null, '*' ]
20 silly lockFile 1d2ec8f5-cocordova cocordova@
21 verbose lock cocordova@ /Users/geniehyatt/.npm/1d2ec8f5-cocordova.lock
22 verbose addNamed [ 'ionic', '' ]
23 verbose addNamed [ null, '*' ]
24 silly lockFile 966fc04a-ionic ionic@
25 verbose lock ionic@ /Users/geniehyatt/.npm/966fc04a-ionic.lock
26 silly addNameRange { name: 'cocordova', range: '*', hasData: false }
27 verbose request where is /cocordova
28 verbose request registry https://registry.npmjs.org/
29 verbose request id c8d96f0e4290783a
30 verbose url raw /cocordova
31 verbose url resolving [ 'https://registry.npmjs.org/', './cocordova' ]
32 verbose url resolved https://registry.npmjs.org/cocordova
33 verbose request where is https://registry.npmjs.org/cocordova
34 info trying registry request attempt 1 at 20:53:04
35 http GET https://registry.npmjs.org/cocordova
36 http 404 https://registry.npmjs.org/cocordova
37 verbose headers { date: 'Wed, 26 Nov 2014 04:53:04 GMT',
37 verbose headers   server: 'CouchDB/1.5.0 (Erlang OTP/R16B03)',
37 verbose headers   'content-type': 'application/json',
37 verbose headers   'cache-control': 'max-age=0',
37 verbose headers   'content-length': '52',
37 verbose headers   'accept-ranges': 'bytes',
37 verbose headers   via: '1.1 varnish',
37 verbose headers   age: '0',
37 verbose headers   'x-served-by': 'cache-sjc3125-SJC',
37 verbose headers   'x-cache': 'MISS',
37 verbose headers   'x-cache-hits': '0',
37 verbose headers   'x-timer': 'S1416977584.337343,VS0,VE90',
37 verbose headers   'keep-alive': 'timeout=10, max=50',
37 verbose headers   connection: 'Keep-Alive' }
38 silly registry.get cb [ 404,
38 silly registry.get   { date: 'Wed, 26 Nov 2014 04:53:04 GMT',
38 silly registry.get     server: 'CouchDB/1.5.0 (Erlang OTP/R16B03)',
38 silly registry.get     'content-type': 'application/json',
38 silly registry.get     'cache-control': 'max-age=0',
38 silly registry.get     'content-length': '52',
38 silly registry.get     'accept-ranges': 'bytes',
38 silly registry.get     via: '1.1 varnish',
38 silly registry.get     age: '0',
38 silly registry.get     'x-served-by': 'cache-sjc3125-SJC',
38 silly registry.get     'x-cache': 'MISS',
38 silly registry.get     'x-cache-hits': '0',
38 silly registry.get     'x-timer': 'S1416977584.337343,VS0,VE90',
38 silly registry.get     'keep-alive': 'timeout=10, max=50',
38 silly registry.get     connection: 'Keep-Alive' } ]
39 silly lockFile 1d2ec8f5-cocordova cocordova@
40 silly lockFile 1d2ec8f5-cocordova cocordova@
41 silly addNameRange { name: 'ionic', range: '*', hasData: false }
42 verbose request where is /ionic
43 verbose request registry https://registry.npmjs.org/
44 verbose url raw /ionic
45 verbose url resolving [ 'https://registry.npmjs.org/', './ionic' ]
46 verbose url resolved https://registry.npmjs.org/ionic
47 verbose request where is https://registry.npmjs.org/ionic
48 info trying registry request attempt 1 at 20:53:08
49 http GET https://registry.npmjs.org/ionic
50 http 200 https://registry.npmjs.org/ionic
51 silly registry.get cb [ 200,
51 silly registry.get   { date: 'Wed, 26 Nov 2014 04:53:08 GMT',
51 silly registry.get     server: 'CouchDB/1.5.0 (Erlang OTP/R16B03)',
51 silly registry.get     etag: '"4ZDUTKSYQQYRX14R2EAM2IQQO"',
51 silly registry.get     'content-type': 'application/json',
51 silly registry.get     'cache-control': 'max-age=60',
51 silly registry.get     'content-length': '148305',
51 silly registry.get     'accept-ranges': 'bytes',
51 silly registry.get     via: '1.1 varnish',
51 silly registry.get     age: '59',
51 silly registry.get     'x-served-by': 'cache-sjc3122-SJC',
51 silly registry.get     'x-cache': 'HIT',
51 silly registry.get     'x-cache-hits': '1',
51 silly registry.get     'x-timer': 'S1416977588.170513,VS0,VE0',
51 silly registry.get     vary: 'Accept',
51 silly registry.get     'keep-alive': 'timeout=10, max=50',
51 silly registry.get     connection: 'Keep-Alive' } ]
52 silly addNameRange number 2 { name: 'ionic', range: '*', hasData: true }
53 silly addNameRange versions [ 'ionic',
53 silly addNameRange   [ '0.9.6',
53 silly addNameRange     '0.9.8',
53 silly addNameRange     '0.9.9',
53 silly addNameRange     '0.9.10',
53 silly addNameRange     '0.9.11',
53 silly addNameRange     '0.9.12',
53 silly addNameRange     '0.9.13',
53 silly addNameRange     '0.9.14',
53 silly addNameRange     '0.9.15',
53 silly addNameRange     '0.9.16',
53 silly addNameRange     '1.0.0-beta.1',
53 silly addNameRange     '1.0.0-beta',
53 silly addNameRange     '1.0.1-beta',
53 silly addNameRange     '1.0.3-beta',
53 silly addNameRange     '1.0.4',
53 silly addNameRange     '1.0.5',
53 silly addNameRange     '1.0.6',
53 silly addNameRange     '1.0.7',
53 silly addNameRange     '1.0.8',
53 silly addNameRange     '1.0.9',
53 silly addNameRange     '1.0.10',
53 silly addNameRange     '1.0.11',
53 silly addNameRange     '1.0.12',
53 silly addNameRange     '1.0.13',
53 silly addNameRange     '1.0.14',
53 silly addNameRange     '1.0.15',
53 silly addNameRange     '1.0.16',
53 silly addNameRange     '1.0.17',
53 silly addNameRange     '1.1.0-beta1',
53 silly addNameRange     '1.1.0-beta2',
53 silly addNameRange     '1.1.0-beta3',
53 silly addNameRange     '1.1.0-beta4',
53 silly addNameRange     '1.1.0-beta5',
53 silly addNameRange     '1.1.0-beta6',
53 silly addNameRange     '1.1.0',
53 silly addNameRange     '1.1.1-beta1',
53 silly addNameRange     '1.1.1-beta2',
53 silly addNameRange     '1.1.1-beta3',
53 silly addNameRange     '1.1.1',
53 silly addNameRange     '1.1.3',
53 silly addNameRange     '1.1.4',
53 silly addNameRange     '1.1.5-beta1',
53 silly addNameRange     '1.1.5-beta2',
53 silly addNameRange     '1.1.5-beta3',
53 silly addNameRange     '1.1.5-beta4',
53 silly addNameRange     '1.1.5-beta5',
53 silly addNameRange     '1.1.5',
53 silly addNameRange     '1.1.6',
53 silly addNameRange     '1.1.7-beta1',
53 silly addNameRange     '1.1.7',
53 silly addNameRange     '1.1.8-beta1',
53 silly addNameRange     '1.1.8-beta2',
53 silly addNameRange     '1.1.8-beta3',
53 silly addNameRange     '1.1.8-beta4',
53 silly addNameRange     '1.1.8-beta5',
53 silly addNameRange     '1.1.8',
53 silly addNameRange     '1.1.9-beta1',
53 silly addNameRange     '1.1.9',
53 silly addNameRange     '1.1.10',
53 silly addNameRange     '1.1.11-beta1',
53 silly addNameRange     '1.1.11-beta2',
53 silly addNameRange     '1.1.11',
53 silly addNameRange     '1.1.12-beta1',
53 silly addNameRange     '1.1.12-beta2',
53 silly addNameRange     '1.1.12-beta3',
53 silly addNameRange     '1.1.12',
53 silly addNameRange     '1.1.13',
53 silly addNameRange     '1.1.14-beta1',
53 silly addNameRange     '1.1.14-beta2',
53 silly addNameRange     '1.1.14-beta3',
53 silly addNameRange     '1.2.0-beta1',
53 silly addNameRange     '1.2.0',
53 silly addNameRange     '1.2.1-beta1',
53 silly addNameRange     '1.2.1-beta2',
53 silly addNameRange     '1.2.1-beta3',
53 silly addNameRange     '1.2.1-beta4',
53 silly addNameRange     '1.2.1',
53 silly addNameRange     '1.2.2',
53 silly addNameRange     '1.2.3-beta1',
53 silly addNameRange     '1.2.3-beta2',
53 silly addNameRange     '1.2.3-beta3',
53 silly addNameRange     '1.2.3',
53 silly addNameRange     '1.2.4-beta1',
53 silly addNameRange     '1.2.4-beta2',
53 silly addNameRange     '1.2.4-beta3',
53 silly addNameRange     '1.2.4',
53 silly addNameRange     '1.2.5-beta1',
53 silly addNameRange     '1.2.5-beta2',
53 silly addNameRange     '1.2.5-beta3',
53 silly addNameRange     '1.2.5',
53 silly addNameRange     '1.2.6-beta1',
53 silly addNameRange     '1.2.6-beta2',
53 silly addNameRange     '1.2.6-beta3',
53 silly addNameRange     '1.2.6',
53 silly addNameRange     '1.2.7',
53 silly addNameRange     '1.2.8-beta1',
53 silly addNameRange     '1.2.8-beta2',
53 silly addNameRange     '1.2.8' ] ]
54 verbose addNamed [ 'ionic', '1.2.8' ]
55 verbose addNamed [ '1.2.8', '1.2.8' ]
56 silly lockFile 74ce95ae-ionic-1-2-8 ionic@1.2.8
57 verbose lock ionic@1.2.8 /Users/geniehyatt/.npm/74ce95ae-ionic-1-2-8.lock
58 silly lockFile 65c480ba--npmjs-org-ionic-ionic-1-2-8-tgz https://registry.npmjs.org/ionic/-/ionic-1.2.8.tgz
59 verbose lock https://registry.npmjs.org/ionic/-/ionic-1.2.8.tgz /Users/geniehyatt/.npm/65c480ba--npmjs-org-ionic-ionic-1-2-8-tgz.lock
60 verbose addRemoteTarball [ 'https://registry.npmjs.org/ionic/-/ionic-1.2.8.tgz',
60 verbose addRemoteTarball   'b7087e0ba85f358934fa6546a351e966afa771a3' ]
61 info retry fetch attempt 1 at 20:53:08
62 verbose fetch to= /tmp/npm-603-JoJDRq4f/registry.npmjs.org/ionic/-/ionic-1.2.8.tgz
63 http GET https://registry.npmjs.org/ionic/-/ionic-1.2.8.tgz
64 http 200 https://registry.npmjs.org/ionic/-/ionic-1.2.8.tgz
65 silly lockFile 65c480ba--npmjs-org-ionic-ionic-1-2-8-tgz https://registry.npmjs.org/ionic/-/ionic-1.2.8.tgz
66 silly lockFile 65c480ba--npmjs-org-ionic-ionic-1-2-8-tgz https://registry.npmjs.org/ionic/-/ionic-1.2.8.tgz
67 silly lockFile 74ce95ae-ionic-1-2-8 ionic@1.2.8
68 silly lockFile 74ce95ae-ionic-1-2-8 ionic@1.2.8
69 silly lockFile 966fc04a-ionic ionic@
70 silly lockFile 966fc04a-ionic ionic@
71 error 404 404 Not Found: cocordova
71 error 404
71 error 404 'cocordova' is not in the npm registry.
71 error 404 You should bug the author to publish it
71 error 404
71 error 404 Note that you can also install from a
71 error 404 tarball, folder, or http url, or git url.
72 error System Darwin 13.4.0
73 error command "node" "/usr/local/bin/npm" "install" "-g" "cocordova" "ionic"
74 error cwd /Users/geniehyatt/Flow-Prototype/Flow
75 error node -v v0.10.33
76 error npm -v 1.4.28
77 error code E404
78 verbose exit [ 1, true ]
